<?xml version="1.0" encoding="UTF-8"?>
<coverage generated="1719751353551" clover="3.2.0">
  <project timestamp="1719751353551" name="All files">
    <metrics statements="319" coveredstatements="309" conditionals="66" coveredconditionals="58" methods="43" coveredmethods="42" elements="428" coveredelements="409" complexity="0" loc="319" ncloc="319" packages="10" files="24" classes="24"/>
    <package name="be-sahabat-kendaraan">
      <metrics statements="11" coveredstatements="11" conditionals="2" coveredconditionals="1" methods="0" coveredmethods="0"/>
      <file name="app.js" path="D:\Course\FSJS\Project\sahabat-kendaraan\be-sahabat-kendaraan\app.js">
        <metrics statements="11" coveredstatements="11" conditionals="2" coveredconditionals="1" methods="0" coveredmethods="0"/>
        <line num="1" count="5" type="cond" truecount="1" falsecount="1"/>
        <line num="2" count="5" type="stmt"/>
        <line num="4" count="5" type="stmt"/>
        <line num="5" count="5" type="stmt"/>
        <line num="6" count="5" type="stmt"/>
        <line num="8" count="5" type="stmt"/>
        <line num="9" count="5" type="stmt"/>
        <line num="10" count="5" type="stmt"/>
        <line num="13" count="5" type="stmt"/>
        <line num="16" count="5" type="stmt"/>
        <line num="18" count="5" type="stmt"/>
      </file>
    </package>
    <package name="be-sahabat-kendaraan.controllers">
      <metrics statements="23" coveredstatements="23" conditionals="8" coveredconditionals="8" methods="2" coveredmethods="2"/>
      <file name="UserController.js" path="D:\Course\FSJS\Project\sahabat-kendaraan\be-sahabat-kendaraan\controllers\UserController.js">
        <metrics statements="23" coveredstatements="23" conditionals="8" coveredconditionals="8" methods="2" coveredmethods="2"/>
        <line num="1" count="5" type="stmt"/>
        <line num="2" count="5" type="stmt"/>
        <line num="3" count="5" type="stmt"/>
        <line num="7" count="5" type="stmt"/>
        <line num="8" count="5" type="stmt"/>
        <line num="10" count="5" type="stmt"/>
        <line num="17" count="1" type="stmt"/>
        <line num="22" count="4" type="stmt"/>
        <line num="27" count="4" type="stmt"/>
        <line num="28" count="4" type="stmt"/>
        <line num="30" count="4" type="cond" truecount="4" falsecount="0"/>
        <line num="31" count="1" type="stmt"/>
        <line num="34" count="3" type="stmt"/>
        <line num="40" count="3" type="cond" truecount="2" falsecount="0"/>
        <line num="41" count="1" type="stmt"/>
        <line num="44" count="2" type="stmt"/>
        <line num="45" count="2" type="cond" truecount="2" falsecount="0"/>
        <line num="46" count="1" type="stmt"/>
        <line num="48" count="1" type="stmt"/>
        <line num="49" count="1" type="stmt"/>
        <line num="51" count="1" type="stmt"/>
        <line num="59" count="3" type="stmt"/>
        <line num="64" count="5" type="stmt"/>
      </file>
    </package>
    <package name="be-sahabat-kendaraan.controllers.category">
      <metrics statements="22" coveredstatements="22" conditionals="6" coveredconditionals="6" methods="3" coveredmethods="3"/>
      <file name="CategoryController.js" path="D:\Course\FSJS\Project\sahabat-kendaraan\be-sahabat-kendaraan\controllers\category\CategoryController.js">
        <metrics statements="22" coveredstatements="22" conditionals="6" coveredconditionals="6" methods="3" coveredmethods="3"/>
        <line num="1" count="5" type="stmt"/>
        <line num="5" count="5" type="stmt"/>
        <line num="6" count="5" type="stmt"/>
        <line num="7" count="5" type="stmt"/>
        <line num="8" count="5" type="stmt"/>
        <line num="10" count="5" type="stmt"/>
        <line num="12" count="4" type="stmt"/>
        <line num="16" count="1" type="stmt"/>
        <line num="21" count="1" type="stmt"/>
        <line num="23" count="1" type="stmt"/>
        <line num="27" count="4" type="stmt"/>
        <line num="28" count="4" type="stmt"/>
        <line num="29" count="4" type="stmt"/>
        <line num="30" count="4" type="stmt"/>
        <line num="32" count="4" type="cond" truecount="2" falsecount="0"/>
        <line num="33" count="1" type="stmt"/>
        <line num="36" count="3" type="cond" truecount="4" falsecount="0"/>
        <line num="37" count="1" type="stmt"/>
        <line num="40" count="2" type="stmt"/>
        <line num="42" count="1" type="stmt"/>
        <line num="44" count="2" type="stmt"/>
        <line num="49" count="5" type="stmt"/>
      </file>
    </package>
    <package name="be-sahabat-kendaraan.controllers.service-location">
      <metrics statements="22" coveredstatements="22" conditionals="6" coveredconditionals="6" methods="3" coveredmethods="3"/>
      <file name="ServiceLocationController.js" path="D:\Course\FSJS\Project\sahabat-kendaraan\be-sahabat-kendaraan\controllers\service-location\ServiceLocationController.js">
        <metrics statements="22" coveredstatements="22" conditionals="6" coveredconditionals="6" methods="3" coveredmethods="3"/>
        <line num="1" count="5" type="stmt"/>
        <line num="5" count="2" type="stmt"/>
        <line num="6" count="2" type="stmt"/>
        <line num="7" count="2" type="stmt"/>
        <line num="8" count="2" type="stmt"/>
        <line num="10" count="2" type="stmt"/>
        <line num="21" count="1" type="stmt"/>
        <line num="26" count="1" type="stmt"/>
        <line num="31" count="1" type="stmt"/>
        <line num="33" count="1" type="stmt"/>
        <line num="40" count="3" type="stmt"/>
        <line num="41" count="3" type="stmt"/>
        <line num="42" count="3" type="stmt"/>
        <line num="43" count="3" type="stmt"/>
        <line num="45" count="3" type="cond" truecount="2" falsecount="0"/>
        <line num="46" count="1" type="stmt"/>
        <line num="49" count="2" type="cond" truecount="4" falsecount="0"/>
        <line num="50" count="1" type="stmt"/>
        <line num="53" count="1" type="stmt"/>
        <line num="62" count="1" type="stmt"/>
        <line num="67" count="1" type="stmt"/>
        <line num="72" count="5" type="stmt"/>
      </file>
    </package>
    <package name="be-sahabat-kendaraan.controllers.service-record">
      <metrics statements="53" coveredstatements="53" conditionals="16" coveredconditionals="16" methods="5" coveredmethods="5"/>
      <file name="ServiceRecordController.js" path="D:\Course\FSJS\Project\sahabat-kendaraan\be-sahabat-kendaraan\controllers\service-record\ServiceRecordController.js">
        <metrics statements="53" coveredstatements="53" conditionals="16" coveredconditionals="16" methods="5" coveredmethods="5"/>
        <line num="1" count="5" type="stmt"/>
        <line num="5" count="2" type="stmt"/>
        <line num="13" count="2" type="stmt"/>
        <line num="15" count="2" type="stmt"/>
        <line num="24" count="1" type="stmt"/>
        <line num="29" count="1" type="stmt"/>
        <line num="34" count="2" type="stmt"/>
        <line num="35" count="2" type="stmt"/>
        <line num="36" count="2" type="stmt"/>
        <line num="38" count="2" type="stmt"/>
        <line num="42" count="2" type="cond" truecount="4" falsecount="0"/>
        <line num="43" count="1" type="stmt"/>
        <line num="49" count="1" type="stmt"/>
        <line num="53" count="1" type="stmt"/>
        <line num="57" count="1" type="stmt"/>
        <line num="62" count="3" type="stmt"/>
        <line num="63" count="3" type="stmt"/>
        <line num="65" count="3" type="stmt"/>
        <line num="69" count="3" type="cond" truecount="2" falsecount="0"/>
        <line num="70" count="1" type="stmt"/>
        <line num="76" count="2" type="stmt"/>
        <line num="80" count="2" type="cond" truecount="2" falsecount="0"/>
        <line num="81" count="1" type="stmt"/>
        <line num="87" count="1" type="stmt"/>
        <line num="89" count="2" type="stmt"/>
        <line num="94" count="3" type="stmt"/>
        <line num="95" count="3" type="stmt"/>
        <line num="97" count="3" type="stmt"/>
        <line num="99" count="3" type="stmt"/>
        <line num="106" count="3" type="cond" truecount="2" falsecount="0"/>
        <line num="107" count="1" type="stmt"/>
        <line num="113" count="2" type="cond" truecount="2" falsecount="0"/>
        <line num="114" count="1" type="stmt"/>
        <line num="120" count="1" type="stmt"/>
        <line num="121" count="1" type="stmt"/>
        <line num="122" count="1" type="stmt"/>
        <line num="123" count="1" type="stmt"/>
        <line num="124" count="1" type="stmt"/>
        <line num="126" count="1" type="stmt"/>
        <line num="128" count="1" type="stmt"/>
        <line num="133" count="2" type="stmt"/>
        <line num="138" count="3" type="stmt"/>
        <line num="139" count="3" type="stmt"/>
        <line num="141" count="3" type="stmt"/>
        <line num="146" count="3" type="cond" truecount="2" falsecount="0"/>
        <line num="147" count="1" type="stmt"/>
        <line num="153" count="2" type="cond" truecount="2" falsecount="0"/>
        <line num="154" count="1" type="stmt"/>
        <line num="160" count="1" type="stmt"/>
        <line num="161" count="1" type="stmt"/>
        <line num="163" count="1" type="stmt"/>
        <line num="168" count="2" type="stmt"/>
        <line num="173" count="5" type="stmt"/>
      </file>
    </package>
    <package name="be-sahabat-kendaraan.controllers.vehicle">
      <metrics statements="38" coveredstatements="38" conditionals="6" coveredconditionals="6" methods="5" coveredmethods="5"/>
      <file name="VehicleController.js" path="D:\Course\FSJS\Project\sahabat-kendaraan\be-sahabat-kendaraan\controllers\vehicle\VehicleController.js">
        <metrics statements="38" coveredstatements="38" conditionals="6" coveredconditionals="6" methods="5" coveredmethods="5"/>
        <line num="1" count="5" type="stmt"/>
        <line num="5" count="2" type="stmt"/>
        <line num="6" count="2" type="stmt"/>
        <line num="7" count="2" type="stmt"/>
        <line num="9" count="2" type="stmt"/>
        <line num="18" count="1" type="stmt"/>
        <line num="23" count="1" type="stmt"/>
        <line num="28" count="1" type="stmt"/>
        <line num="29" count="1" type="stmt"/>
        <line num="33" count="1" type="stmt"/>
        <line num="40" count="2" type="stmt"/>
        <line num="41" count="2" type="stmt"/>
        <line num="42" count="2" type="stmt"/>
        <line num="44" count="2" type="stmt"/>
        <line num="48" count="2" type="cond" truecount="2" falsecount="0"/>
        <line num="49" count="1" type="stmt"/>
        <line num="52" count="1" type="stmt"/>
        <line num="57" count="1" type="stmt"/>
        <line num="62" count="2" type="stmt"/>
        <line num="63" count="2" type="stmt"/>
        <line num="64" count="2" type="stmt"/>
        <line num="65" count="2" type="stmt"/>
        <line num="67" count="2" type="stmt"/>
        <line num="71" count="2" type="cond" truecount="2" falsecount="0"/>
        <line num="72" count="1" type="stmt"/>
        <line num="75" count="1" type="stmt"/>
        <line num="83" count="1" type="stmt"/>
        <line num="88" count="1" type="stmt"/>
        <line num="93" count="2" type="stmt"/>
        <line num="94" count="2" type="stmt"/>
        <line num="95" count="2" type="stmt"/>
        <line num="97" count="2" type="stmt"/>
        <line num="101" count="2" type="cond" truecount="2" falsecount="0"/>
        <line num="102" count="1" type="stmt"/>
        <line num="105" count="1" type="stmt"/>
        <line num="107" count="1" type="stmt"/>
        <line num="112" count="1" type="stmt"/>
        <line num="117" count="5" type="stmt"/>
      </file>
    </package>
    <package name="be-sahabat-kendaraan.helpers">
      <metrics statements="14" coveredstatements="14" conditionals="0" coveredconditionals="0" methods="4" coveredmethods="4"/>
      <file name="bcrypt.js" path="D:\Course\FSJS\Project\sahabat-kendaraan\be-sahabat-kendaraan\helpers\bcrypt.js">
        <metrics statements="7" coveredstatements="7" conditionals="0" coveredconditionals="0" methods="2" coveredmethods="2"/>
        <line num="1" count="5" type="stmt"/>
        <line num="2" count="5" type="stmt"/>
        <line num="4" count="5" type="stmt"/>
        <line num="5" count="9" type="stmt"/>
        <line num="8" count="5" type="stmt"/>
        <line num="9" count="2" type="stmt"/>
        <line num="12" count="5" type="stmt"/>
      </file>
      <file name="jwt.js" path="D:\Course\FSJS\Project\sahabat-kendaraan\be-sahabat-kendaraan\helpers\jwt.js">
        <metrics statements="7" coveredstatements="7" conditionals="0" coveredconditionals="0" methods="2" coveredmethods="2"/>
        <line num="1" count="5" type="stmt"/>
        <line num="2" count="5" type="stmt"/>
        <line num="4" count="5" type="stmt"/>
        <line num="5" count="7" type="stmt"/>
        <line num="8" count="5" type="stmt"/>
        <line num="9" count="38" type="stmt"/>
        <line num="12" count="5" type="stmt"/>
      </file>
    </package>
    <package name="be-sahabat-kendaraan.middlewares">
      <metrics statements="33" coveredstatements="25" conditionals="12" coveredconditionals="8" methods="2" coveredmethods="2"/>
      <file name="auth.js" path="D:\Course\FSJS\Project\sahabat-kendaraan\be-sahabat-kendaraan\middlewares\auth.js">
        <metrics statements="18" coveredstatements="14" conditionals="6" coveredconditionals="3" methods="1" coveredmethods="1"/>
        <line num="1" count="5" type="stmt"/>
        <line num="2" count="5" type="stmt"/>
        <line num="4" count="5" type="stmt"/>
        <line num="5" count="38" type="stmt"/>
        <line num="6" count="38" type="stmt"/>
        <line num="8" count="38" type="cond" truecount="1" falsecount="1"/>
        <line num="9" count="0" type="stmt"/>
        <line num="12" count="38" type="stmt"/>
        <line num="14" count="38" type="cond" truecount="1" falsecount="1"/>
        <line num="15" count="0" type="stmt"/>
        <line num="18" count="38" type="cond" truecount="1" falsecount="1"/>
        <line num="19" count="0" type="stmt"/>
        <line num="22" count="38" type="stmt"/>
        <line num="24" count="38" type="stmt"/>
        <line num="26" count="38" type="stmt"/>
        <line num="28" count="38" type="stmt"/>
        <line num="30" count="0" type="stmt"/>
        <line num="34" count="5" type="stmt"/>
      </file>
      <file name="errHandler.js" path="D:\Course\FSJS\Project\sahabat-kendaraan\be-sahabat-kendaraan\middlewares\errHandler.js">
        <metrics statements="15" coveredstatements="11" conditionals="6" coveredconditionals="5" methods="1" coveredmethods="1"/>
        <line num="1" count="5" type="stmt"/>
        <line num="2" count="24" type="cond" truecount="5" falsecount="1"/>
        <line num="4" count="4" type="stmt"/>
        <line num="5" count="4" type="stmt"/>
        <line num="9" count="9" type="stmt"/>
        <line num="10" count="9" type="stmt"/>
        <line num="13" count="1" type="stmt"/>
        <line num="14" count="1" type="stmt"/>
        <line num="17" count="10" type="stmt"/>
        <line num="18" count="10" type="stmt"/>
        <line num="21" count="0" type="stmt"/>
        <line num="22" count="0" type="stmt"/>
        <line num="23" count="0" type="stmt"/>
        <line num="24" count="0" type="stmt"/>
        <line num="28" count="5" type="stmt"/>
      </file>
    </package>
    <package name="be-sahabat-kendaraan.models">
      <metrics statements="53" coveredstatements="52" conditionals="10" coveredconditionals="7" methods="18" coveredmethods="18"/>
      <file name="category.js" path="D:\Course\FSJS\Project\sahabat-kendaraan\be-sahabat-kendaraan\models\category.js">
        <metrics statements="4" coveredstatements="4" conditionals="0" coveredconditionals="0" methods="2" coveredmethods="2"/>
        <line num="2" count="5" type="stmt"/>
        <line num="3" count="5" type="stmt"/>
        <line num="14" count="5" type="stmt"/>
        <line num="36" count="5" type="stmt"/>
      </file>
      <file name="documentation.js" path="D:\Course\FSJS\Project\sahabat-kendaraan\be-sahabat-kendaraan\models\documentation.js">
        <metrics statements="4" coveredstatements="4" conditionals="0" coveredconditionals="0" methods="2" coveredmethods="2"/>
        <line num="4" count="5" type="stmt"/>
        <line num="5" count="5" type="stmt"/>
        <line num="16" count="5" type="stmt"/>
        <line num="23" count="5" type="stmt"/>
      </file>
      <file name="index.js" path="D:\Course\FSJS\Project\sahabat-kendaraan\be-sahabat-kendaraan\models\index.js">
        <metrics statements="21" coveredstatements="20" conditionals="10" coveredconditionals="7" methods="3" coveredmethods="3"/>
        <line num="3" count="5" type="stmt"/>
        <line num="4" count="5" type="stmt"/>
        <line num="5" count="5" type="stmt"/>
        <line num="6" count="5" type="stmt"/>
        <line num="7" count="5" type="stmt"/>
        <line num="8" count="5" type="cond" truecount="1" falsecount="1"/>
        <line num="9" count="5" type="stmt"/>
        <line num="10" count="5" type="stmt"/>
        <line num="13" count="5" type="cond" truecount="1" falsecount="1"/>
        <line num="14" count="0" type="stmt"/>
        <line num="16" count="5" type="stmt"/>
        <line num="24" count="5" type="stmt"/>
        <line num="26" count="40" type="stmt"/>
        <line num="34" count="35" type="stmt"/>
        <line num="38" count="35" type="stmt"/>
        <line num="41" count="5" type="stmt"/>
        <line num="42" count="35" type="cond" truecount="1" falsecount="1"/>
        <line num="43" count="35" type="stmt"/>
        <line num="47" count="5" type="stmt"/>
        <line num="48" count="5" type="stmt"/>
        <line num="50" count="5" type="stmt"/>
      </file>
      <file name="serviceitem.js" path="D:\Course\FSJS\Project\sahabat-kendaraan\be-sahabat-kendaraan\models\serviceitem.js">
        <metrics statements="4" coveredstatements="4" conditionals="0" coveredconditionals="0" methods="2" coveredmethods="2"/>
        <line num="4" count="5" type="stmt"/>
        <line num="5" count="5" type="stmt"/>
        <line num="16" count="5" type="stmt"/>
        <line num="24" count="5" type="stmt"/>
      </file>
      <file name="servicelocation.js" path="D:\Course\FSJS\Project\sahabat-kendaraan\be-sahabat-kendaraan\models\servicelocation.js">
        <metrics statements="4" coveredstatements="4" conditionals="0" coveredconditionals="0" methods="2" coveredmethods="2"/>
        <line num="2" count="5" type="stmt"/>
        <line num="3" count="5" type="stmt"/>
        <line num="14" count="5" type="stmt"/>
        <line num="65" count="5" type="stmt"/>
      </file>
      <file name="servicerecord.js" path="D:\Course\FSJS\Project\sahabat-kendaraan\be-sahabat-kendaraan\models\servicerecord.js">
        <metrics statements="5" coveredstatements="5" conditionals="0" coveredconditionals="0" methods="2" coveredmethods="2"/>
        <line num="2" count="5" type="stmt"/>
        <line num="3" count="5" type="stmt"/>
        <line num="12" count="5" type="stmt"/>
        <line num="15" count="5" type="stmt"/>
        <line num="85" count="5" type="stmt"/>
      </file>
      <file name="user.js" path="D:\Course\FSJS\Project\sahabat-kendaraan\be-sahabat-kendaraan\models\user.js">
        <metrics statements="6" coveredstatements="6" conditionals="0" coveredconditionals="0" methods="3" coveredmethods="3"/>
        <line num="2" count="5" type="stmt"/>
        <line num="3" count="5" type="stmt"/>
        <line num="4" count="5" type="stmt"/>
        <line num="15" count="5" type="stmt"/>
        <line num="64" count="9" type="stmt"/>
        <line num="69" count="5" type="stmt"/>
      </file>
      <file name="vehicle.js" path="D:\Course\FSJS\Project\sahabat-kendaraan\be-sahabat-kendaraan\models\vehicle.js">
        <metrics statements="5" coveredstatements="5" conditionals="0" coveredconditionals="0" methods="2" coveredmethods="2"/>
        <line num="2" count="5" type="stmt"/>
        <line num="3" count="5" type="stmt"/>
        <line num="12" count="5" type="stmt"/>
        <line num="15" count="5" type="stmt"/>
        <line num="85" count="5" type="stmt"/>
      </file>
    </package>
    <package name="be-sahabat-kendaraan.routes">
      <metrics statements="50" coveredstatements="49" conditionals="0" coveredconditionals="0" methods="1" coveredmethods="0"/>
      <file name="categoryRoute.js" path="D:\Course\FSJS\Project\sahabat-kendaraan\be-sahabat-kendaraan\routes\categoryRoute.js">
        <metrics statements="7" coveredstatements="7" conditionals="0" coveredconditionals="0" methods="0" coveredmethods="0"/>
        <line num="1" count="5" type="stmt"/>
        <line num="2" count="5" type="stmt"/>
        <line num="4" count="5" type="stmt"/>
        <line num="6" count="5" type="stmt"/>
        <line num="7" count="5" type="stmt"/>
        <line num="8" count="5" type="stmt"/>
        <line num="10" count="5" type="stmt"/>
      </file>
      <file name="index.js" path="D:\Course\FSJS\Project\sahabat-kendaraan\be-sahabat-kendaraan\routes\index.js">
        <metrics statements="12" coveredstatements="11" conditionals="0" coveredconditionals="0" methods="1" coveredmethods="0"/>
        <line num="1" count="5" type="stmt"/>
        <line num="2" count="5" type="stmt"/>
        <line num="3" count="5" type="stmt"/>
        <line num="5" count="5" type="stmt"/>
        <line num="6" count="0" type="stmt"/>
        <line num="13" count="5" type="stmt"/>
        <line num="15" count="5" type="stmt"/>
        <line num="16" count="5" type="stmt"/>
        <line num="17" count="5" type="stmt"/>
        <line num="18" count="5" type="stmt"/>
        <line num="19" count="5" type="stmt"/>
        <line num="21" count="5" type="stmt"/>
      </file>
      <file name="serviceLocationRoute.js" path="D:\Course\FSJS\Project\sahabat-kendaraan\be-sahabat-kendaraan\routes\serviceLocationRoute.js">
        <metrics statements="7" coveredstatements="7" conditionals="0" coveredconditionals="0" methods="0" coveredmethods="0"/>
        <line num="1" count="5" type="stmt"/>
        <line num="2" count="5" type="stmt"/>
        <line num="4" count="5" type="stmt"/>
        <line num="6" count="5" type="stmt"/>
        <line num="7" count="5" type="stmt"/>
        <line num="8" count="5" type="stmt"/>
        <line num="10" count="5" type="stmt"/>
      </file>
      <file name="serviceRecordRoute.js" path="D:\Course\FSJS\Project\sahabat-kendaraan\be-sahabat-kendaraan\routes\serviceRecordRoute.js">
        <metrics statements="9" coveredstatements="9" conditionals="0" coveredconditionals="0" methods="0" coveredmethods="0"/>
        <line num="1" count="5" type="stmt"/>
        <line num="2" count="5" type="stmt"/>
        <line num="3" count="5" type="stmt"/>
        <line num="5" count="5" type="stmt"/>
        <line num="6" count="5" type="stmt"/>
        <line num="7" count="5" type="stmt"/>
        <line num="8" count="5" type="stmt"/>
        <line num="9" count="5" type="stmt"/>
        <line num="11" count="5" type="stmt"/>
      </file>
      <file name="userRoute.js" path="D:\Course\FSJS\Project\sahabat-kendaraan\be-sahabat-kendaraan\routes\userRoute.js">
        <metrics statements="6" coveredstatements="6" conditionals="0" coveredconditionals="0" methods="0" coveredmethods="0"/>
        <line num="1" count="5" type="stmt"/>
        <line num="2" count="5" type="stmt"/>
        <line num="5" count="5" type="stmt"/>
        <line num="7" count="5" type="stmt"/>
        <line num="8" count="5" type="stmt"/>
        <line num="10" count="5" type="stmt"/>
      </file>
      <file name="vehicleRoute.js" path="D:\Course\FSJS\Project\sahabat-kendaraan\be-sahabat-kendaraan\routes\vehicleRoute.js">
        <metrics statements="9" coveredstatements="9" conditionals="0" coveredconditionals="0" methods="0" coveredmethods="0"/>
        <line num="1" count="5" type="stmt"/>
        <line num="2" count="5" type="stmt"/>
        <line num="4" count="5" type="stmt"/>
        <line num="6" count="5" type="stmt"/>
        <line num="7" count="5" type="stmt"/>
        <line num="8" count="5" type="stmt"/>
        <line num="9" count="5" type="stmt"/>
        <line num="10" count="5" type="stmt"/>
        <line num="12" count="5" type="stmt"/>
      </file>
    </package>
  </project>
</coverage>
