{"D:\\Course\\FSJS\\Project\\sahabat-kendaraan\\be-sahabat-kendaraan\\app.js": {"path":"D:\\Course\\FSJS\\Project\\sahabat-kendaraan\\be-sahabat-kendaraan\\app.js","statementMap":{"0":{"start":{"line":1,"column":0},"end":{"line":3,"column":1}},"1":{"start":{"line":2,"column":2},"end":{"line":2,"column":29}},"2":{"start":{"line":4,"column":16},"end":{"line":4,"column":34}},"3":{"start":{"line":5,"column":12},"end":{"line":5,"column":21}},"4":{"start":{"line":6,"column":13},"end":{"line":6,"column":28}},"5":{"start":{"line":8,"column":0},"end":{"line":8,"column":16}},"6":{"start":{"line":9,"column":0},"end":{"line":9,"column":49}},"7":{"start":{"line":10,"column":0},"end":{"line":10,"column":24}},"8":{"start":{"line":13,"column":0},"end":{"line":13,"column":29}},"9":{"start":{"line":16,"column":0},"end":{"line":16,"column":45}},"10":{"start":{"line":18,"column":0},"end":{"line":18,"column":21}}},"fnMap":{},"branchMap":{"0":{"loc":{"start":{"line":1,"column":0},"end":{"line":3,"column":1}},"type":"if","locations":[{"start":{"line":1,"column":0},"end":{"line":3,"column":1}},{"start":{},"end":{}}],"line":1}},"s":{"0":1,"1":1,"2":1,"3":1,"4":1,"5":1,"6":1,"7":1,"8":1,"9":1,"10":1},"f":{},"b":{"0":[1,0]},"_coverageSchema":"1a1c01bbd47fc00a2c39e90264f33305004495a9","hash":"ad7b9e9e4f570e9fb1959a3458e14f176c01593e"}
,"D:\\Course\\FSJS\\Project\\sahabat-kendaraan\\be-sahabat-kendaraan\\controllers\\UserController.js": {"path":"D:\\Course\\FSJS\\Project\\sahabat-kendaraan\\be-sahabat-kendaraan\\controllers\\UserController.js","statementMap":{"0":{"start":{"line":1,"column":17},"end":{"line":1,"column":37}},"1":{"start":{"line":2,"column":22},"end":{"line":2,"column":50}},"2":{"start":{"line":3,"column":26},"end":{"line":3,"column":51}},"3":{"start":{"line":7,"column":4},"end":{"line":23,"column":5}},"4":{"start":{"line":8,"column":50},"end":{"line":8,"column":58}},"5":{"start":{"line":10,"column":22},"end":{"line":15,"column":8}},"6":{"start":{"line":17,"column":6},"end":{"line":20,"column":9}},"7":{"start":{"line":22,"column":6},"end":{"line":22,"column":18}},"8":{"start":{"line":27,"column":4},"end":{"line":60,"column":5}},"9":{"start":{"line":28,"column":34},"end":{"line":28,"column":42}},"10":{"start":{"line":30,"column":6},"end":{"line":32,"column":7}},"11":{"start":{"line":31,"column":8},"end":{"line":31,"column":76}},"12":{"start":{"line":34,"column":19},"end":{"line":38,"column":8}},"13":{"start":{"line":40,"column":6},"end":{"line":42,"column":7}},"14":{"start":{"line":41,"column":8},"end":{"line":41,"column":79}},"15":{"start":{"line":44,"column":32},"end":{"line":44,"column":66}},"16":{"start":{"line":45,"column":6},"end":{"line":47,"column":7}},"17":{"start":{"line":46,"column":8},"end":{"line":46,"column":79}},"18":{"start":{"line":48,"column":20},"end":{"line":48,"column":50}},"19":{"start":{"line":49,"column":6},"end":{"line":49,"column":31}},"20":{"start":{"line":51,"column":6},"end":{"line":57,"column":9}},"21":{"start":{"line":59,"column":6},"end":{"line":59,"column":18}},"22":{"start":{"line":64,"column":0},"end":{"line":64,"column":32}}},"fnMap":{"0":{"name":"(anonymous_0)","decl":{"start":{"line":6,"column":2},"end":{"line":6,"column":3}},"loc":{"start":{"line":6,"column":40},"end":{"line":24,"column":3}},"line":6},"1":{"name":"(anonymous_1)","decl":{"start":{"line":26,"column":2},"end":{"line":26,"column":3}},"loc":{"start":{"line":26,"column":37},"end":{"line":61,"column":3}},"line":26}},"branchMap":{"0":{"loc":{"start":{"line":30,"column":6},"end":{"line":32,"column":7}},"type":"if","locations":[{"start":{"line":30,"column":6},"end":{"line":32,"column":7}},{"start":{},"end":{}}],"line":30},"1":{"loc":{"start":{"line":30,"column":10},"end":{"line":30,"column":29}},"type":"binary-expr","locations":[{"start":{"line":30,"column":10},"end":{"line":30,"column":16}},{"start":{"line":30,"column":20},"end":{"line":30,"column":29}}],"line":30},"2":{"loc":{"start":{"line":40,"column":6},"end":{"line":42,"column":7}},"type":"if","locations":[{"start":{"line":40,"column":6},"end":{"line":42,"column":7}},{"start":{},"end":{}}],"line":40},"3":{"loc":{"start":{"line":45,"column":6},"end":{"line":47,"column":7}},"type":"if","locations":[{"start":{"line":45,"column":6},"end":{"line":47,"column":7}},{"start":{},"end":{}}],"line":45}},"s":{"0":1,"1":1,"2":1,"3":0,"4":0,"5":0,"6":0,"7":0,"8":0,"9":0,"10":0,"11":0,"12":0,"13":0,"14":0,"15":0,"16":0,"17":0,"18":0,"19":0,"20":0,"21":0,"22":1},"f":{"0":0,"1":0},"b":{"0":[0,0],"1":[0,0],"2":[0,0],"3":[0,0]},"_coverageSchema":"1a1c01bbd47fc00a2c39e90264f33305004495a9","hash":"6a997fc29fb45729882d9c207ffcf6ac4a6439e0"}
,"D:\\Course\\FSJS\\Project\\sahabat-kendaraan\\be-sahabat-kendaraan\\controllers\\category\\CategoryController.js": {"path":"D:\\Course\\FSJS\\Project\\sahabat-kendaraan\\be-sahabat-kendaraan\\controllers\\category\\CategoryController.js","statementMap":{"0":{"start":{"line":1,"column":21},"end":{"line":1,"column":44}},"1":{"start":{"line":5,"column":4},"end":{"line":17,"column":5}},"2":{"start":{"line":6,"column":23},"end":{"line":6,"column":31}},"3":{"start":{"line":7,"column":21},"end":{"line":7,"column":32}},"4":{"start":{"line":8,"column":22},"end":{"line":8,"column":35}},"5":{"start":{"line":10,"column":23},"end":{"line":10,"column":71}},"6":{"start":{"line":12,"column":6},"end":{"line":14,"column":74}},"7":{"start":{"line":16,"column":6},"end":{"line":16,"column":18}},"8":{"start":{"line":21,"column":23},"end":{"line":21,"column":47}},"9":{"start":{"line":23,"column":4},"end":{"line":23,"column":78}},"10":{"start":{"line":27,"column":4},"end":{"line":45,"column":5}},"11":{"start":{"line":28,"column":21},"end":{"line":28,"column":31}},"12":{"start":{"line":29,"column":23},"end":{"line":29,"column":31}},"13":{"start":{"line":30,"column":23},"end":{"line":30,"column":50}},"14":{"start":{"line":32,"column":6},"end":{"line":34,"column":7}},"15":{"start":{"line":33,"column":8},"end":{"line":33,"column":71}},"16":{"start":{"line":36,"column":6},"end":{"line":38,"column":7}},"17":{"start":{"line":37,"column":8},"end":{"line":37,"column":74}},"18":{"start":{"line":40,"column":6},"end":{"line":40,"column":38}},"19":{"start":{"line":42,"column":6},"end":{"line":42,"column":76}},"20":{"start":{"line":44,"column":6},"end":{"line":44,"column":18}},"21":{"start":{"line":49,"column":0},"end":{"line":49,"column":36}}},"fnMap":{"0":{"name":"(anonymous_0)","decl":{"start":{"line":4,"column":2},"end":{"line":4,"column":3}},"loc":{"start":{"line":4,"column":35},"end":{"line":18,"column":3}},"line":4},"1":{"name":"(anonymous_1)","decl":{"start":{"line":20,"column":2},"end":{"line":20,"column":3}},"loc":{"start":{"line":20,"column":29},"end":{"line":24,"column":3}},"line":20},"2":{"name":"(anonymous_2)","decl":{"start":{"line":26,"column":2},"end":{"line":26,"column":3}},"loc":{"start":{"line":26,"column":38},"end":{"line":46,"column":3}},"line":26}},"branchMap":{"0":{"loc":{"start":{"line":32,"column":6},"end":{"line":34,"column":7}},"type":"if","locations":[{"start":{"line":32,"column":6},"end":{"line":34,"column":7}},{"start":{},"end":{}}],"line":32},"1":{"loc":{"start":{"line":36,"column":6},"end":{"line":38,"column":7}},"type":"if","locations":[{"start":{"line":36,"column":6},"end":{"line":38,"column":7}},{"start":{},"end":{}}],"line":36},"2":{"loc":{"start":{"line":36,"column":10},"end":{"line":36,"column":70}},"type":"binary-expr","locations":[{"start":{"line":36,"column":10},"end":{"line":36,"column":35}},{"start":{"line":36,"column":39},"end":{"line":36,"column":70}}],"line":36}},"s":{"0":1,"1":0,"2":0,"3":0,"4":0,"5":0,"6":0,"7":0,"8":0,"9":0,"10":0,"11":0,"12":0,"13":0,"14":0,"15":0,"16":0,"17":0,"18":0,"19":0,"20":0,"21":1},"f":{"0":0,"1":0,"2":0},"b":{"0":[0,0],"1":[0,0],"2":[0,0]},"_coverageSchema":"1a1c01bbd47fc00a2c39e90264f33305004495a9","hash":"656cb9fe8c2bd0fe587703b081259d0e1770ca12"}
,"D:\\Course\\FSJS\\Project\\sahabat-kendaraan\\be-sahabat-kendaraan\\controllers\\service-location\\ServiceLocationController.js": {"path":"D:\\Course\\FSJS\\Project\\sahabat-kendaraan\\be-sahabat-kendaraan\\controllers\\service-location\\ServiceLocationController.js","statementMap":{"0":{"start":{"line":1,"column":28},"end":{"line":1,"column":51}},"1":{"start":{"line":5,"column":4},"end":{"line":27,"column":5}},"2":{"start":{"line":6,"column":21},"end":{"line":6,"column":32}},"3":{"start":{"line":7,"column":22},"end":{"line":7,"column":35}},"4":{"start":{"line":8,"column":67},"end":{"line":8,"column":75}},"5":{"start":{"line":10,"column":33},"end":{"line":19,"column":8}},"6":{"start":{"line":21,"column":6},"end":{"line":24,"column":9}},"7":{"start":{"line":26,"column":6},"end":{"line":26,"column":18}},"8":{"start":{"line":31,"column":29},"end":{"line":31,"column":60}},"9":{"start":{"line":33,"column":4},"end":{"line":36,"column":7}},"10":{"start":{"line":40,"column":4},"end":{"line":68,"column":5}},"11":{"start":{"line":41,"column":21},"end":{"line":41,"column":31}},"12":{"start":{"line":42,"column":67},"end":{"line":42,"column":75}},"13":{"start":{"line":43,"column":30},"end":{"line":43,"column":64}},"14":{"start":{"line":45,"column":6},"end":{"line":47,"column":7}},"15":{"start":{"line":46,"column":8},"end":{"line":46,"column":79}},"16":{"start":{"line":49,"column":6},"end":{"line":51,"column":7}},"17":{"start":{"line":50,"column":8},"end":{"line":50,"column":74}},"18":{"start":{"line":53,"column":6},"end":{"line":60,"column":9}},"19":{"start":{"line":62,"column":6},"end":{"line":65,"column":9}},"20":{"start":{"line":67,"column":6},"end":{"line":67,"column":18}},"21":{"start":{"line":72,"column":0},"end":{"line":72,"column":43}}},"fnMap":{"0":{"name":"(anonymous_0)","decl":{"start":{"line":4,"column":2},"end":{"line":4,"column":3}},"loc":{"start":{"line":4,"column":35},"end":{"line":28,"column":3}},"line":4},"1":{"name":"(anonymous_1)","decl":{"start":{"line":30,"column":2},"end":{"line":30,"column":3}},"loc":{"start":{"line":30,"column":35},"end":{"line":37,"column":3}},"line":30},"2":{"name":"(anonymous_2)","decl":{"start":{"line":39,"column":2},"end":{"line":39,"column":3}},"loc":{"start":{"line":39,"column":38},"end":{"line":69,"column":3}},"line":39}},"branchMap":{"0":{"loc":{"start":{"line":45,"column":6},"end":{"line":47,"column":7}},"type":"if","locations":[{"start":{"line":45,"column":6},"end":{"line":47,"column":7}},{"start":{},"end":{}}],"line":45},"1":{"loc":{"start":{"line":49,"column":6},"end":{"line":51,"column":7}},"type":"if","locations":[{"start":{"line":49,"column":6},"end":{"line":51,"column":7}},{"start":{},"end":{}}],"line":49},"2":{"loc":{"start":{"line":49,"column":10},"end":{"line":49,"column":77}},"type":"binary-expr","locations":[{"start":{"line":49,"column":10},"end":{"line":49,"column":35}},{"start":{"line":49,"column":39},"end":{"line":49,"column":77}}],"line":49}},"s":{"0":1,"1":2,"2":2,"3":2,"4":2,"5":2,"6":1,"7":1,"8":1,"9":1,"10":3,"11":3,"12":3,"13":3,"14":3,"15":1,"16":2,"17":1,"18":1,"19":1,"20":1,"21":1},"f":{"0":2,"1":1,"2":3},"b":{"0":[1,2],"1":[1,1],"2":[2,1]},"_coverageSchema":"1a1c01bbd47fc00a2c39e90264f33305004495a9","hash":"1454ca5542fbd4ac8423b587ff99333debb16e76"}
,"D:\\Course\\FSJS\\Project\\sahabat-kendaraan\\be-sahabat-kendaraan\\helpers\\bcrypt.js": {"path":"D:\\Course\\FSJS\\Project\\sahabat-kendaraan\\be-sahabat-kendaraan\\helpers\\bcrypt.js","statementMap":{"0":{"start":{"line":1,"column":15},"end":{"line":1,"column":34}},"1":{"start":{"line":2,"column":13},"end":{"line":2,"column":35}},"2":{"start":{"line":4,"column":20},"end":{"line":6,"column":1}},"3":{"start":{"line":5,"column":2},"end":{"line":5,"column":41}},"4":{"start":{"line":8,"column":18},"end":{"line":10,"column":1}},"5":{"start":{"line":9,"column":2},"end":{"line":9,"column":44}},"6":{"start":{"line":12,"column":0},"end":{"line":12,"column":44}}},"fnMap":{"0":{"name":"(anonymous_0)","decl":{"start":{"line":4,"column":20},"end":{"line":4,"column":21}},"loc":{"start":{"line":4,"column":34},"end":{"line":6,"column":1}},"line":4},"1":{"name":"(anonymous_1)","decl":{"start":{"line":8,"column":18},"end":{"line":8,"column":19}},"loc":{"start":{"line":8,"column":38},"end":{"line":10,"column":1}},"line":8}},"branchMap":{},"s":{"0":1,"1":1,"2":1,"3":2,"4":1,"5":0,"6":1},"f":{"0":2,"1":0},"b":{},"_coverageSchema":"1a1c01bbd47fc00a2c39e90264f33305004495a9","hash":"757df2859233f6cc774ca026cdcfdf73f499b5d8"}
,"D:\\Course\\FSJS\\Project\\sahabat-kendaraan\\be-sahabat-kendaraan\\helpers\\jwt.js": {"path":"D:\\Course\\FSJS\\Project\\sahabat-kendaraan\\be-sahabat-kendaraan\\helpers\\jwt.js","statementMap":{"0":{"start":{"line":1,"column":12},"end":{"line":1,"column":35}},"1":{"start":{"line":2,"column":18},"end":{"line":2,"column":40}},"2":{"start":{"line":4,"column":22},"end":{"line":6,"column":1}},"3":{"start":{"line":5,"column":2},"end":{"line":5,"column":38}},"4":{"start":{"line":8,"column":20},"end":{"line":10,"column":1}},"5":{"start":{"line":9,"column":2},"end":{"line":9,"column":38}},"6":{"start":{"line":12,"column":0},"end":{"line":12,"column":48}}},"fnMap":{"0":{"name":"(anonymous_0)","decl":{"start":{"line":4,"column":22},"end":{"line":4,"column":23}},"loc":{"start":{"line":4,"column":35},"end":{"line":6,"column":1}},"line":4},"1":{"name":"(anonymous_1)","decl":{"start":{"line":8,"column":20},"end":{"line":8,"column":21}},"loc":{"start":{"line":8,"column":31},"end":{"line":10,"column":1}},"line":8}},"branchMap":{},"s":{"0":1,"1":1,"2":1,"3":2,"4":1,"5":6,"6":1},"f":{"0":2,"1":6},"b":{},"_coverageSchema":"1a1c01bbd47fc00a2c39e90264f33305004495a9","hash":"b6635c4c8cfa82147f67a4154cdfb3081e020267"}
,"D:\\Course\\FSJS\\Project\\sahabat-kendaraan\\be-sahabat-kendaraan\\middlewares\\auth.js": {"path":"D:\\Course\\FSJS\\Project\\sahabat-kendaraan\\be-sahabat-kendaraan\\middlewares\\auth.js","statementMap":{"0":{"start":{"line":1,"column":24},"end":{"line":1,"column":49}},"1":{"start":{"line":2,"column":17},"end":{"line":2,"column":37}},"2":{"start":{"line":4,"column":13},"end":{"line":32,"column":1}},"3":{"start":{"line":5,"column":2},"end":{"line":31,"column":3}},"4":{"start":{"line":6,"column":30},"end":{"line":6,"column":41}},"5":{"start":{"line":8,"column":4},"end":{"line":10,"column":5}},"6":{"start":{"line":9,"column":6},"end":{"line":9,"column":67}},"7":{"start":{"line":12,"column":26},"end":{"line":12,"column":50}},"8":{"start":{"line":14,"column":4},"end":{"line":16,"column":5}},"9":{"start":{"line":15,"column":6},"end":{"line":15,"column":68}},"10":{"start":{"line":18,"column":4},"end":{"line":20,"column":5}},"11":{"start":{"line":19,"column":6},"end":{"line":19,"column":67}},"12":{"start":{"line":22,"column":22},"end":{"line":22,"column":40}},"13":{"start":{"line":24,"column":20},"end":{"line":24,"column":53}},"14":{"start":{"line":26,"column":4},"end":{"line":26,"column":23}},"15":{"start":{"line":28,"column":4},"end":{"line":28,"column":11}},"16":{"start":{"line":30,"column":4},"end":{"line":30,"column":16}},"17":{"start":{"line":34,"column":0},"end":{"line":34,"column":22}}},"fnMap":{"0":{"name":"(anonymous_0)","decl":{"start":{"line":4,"column":13},"end":{"line":4,"column":14}},"loc":{"start":{"line":4,"column":39},"end":{"line":32,"column":1}},"line":4}},"branchMap":{"0":{"loc":{"start":{"line":8,"column":4},"end":{"line":10,"column":5}},"type":"if","locations":[{"start":{"line":8,"column":4},"end":{"line":10,"column":5}},{"start":{},"end":{}}],"line":8},"1":{"loc":{"start":{"line":14,"column":4},"end":{"line":16,"column":5}},"type":"if","locations":[{"start":{"line":14,"column":4},"end":{"line":16,"column":5}},{"start":{},"end":{}}],"line":14},"2":{"loc":{"start":{"line":18,"column":4},"end":{"line":20,"column":5}},"type":"if","locations":[{"start":{"line":18,"column":4},"end":{"line":20,"column":5}},{"start":{},"end":{}}],"line":18}},"s":{"0":1,"1":1,"2":1,"3":6,"4":6,"5":6,"6":0,"7":6,"8":6,"9":0,"10":6,"11":0,"12":6,"13":6,"14":6,"15":6,"16":0,"17":1},"f":{"0":6},"b":{"0":[0,6],"1":[0,6],"2":[0,6]},"_coverageSchema":"1a1c01bbd47fc00a2c39e90264f33305004495a9","hash":"b31a9f252c65daf8e6acf004cd4d85112c4e2ddf"}
,"D:\\Course\\FSJS\\Project\\sahabat-kendaraan\\be-sahabat-kendaraan\\middlewares\\errHandler.js": {"path":"D:\\Course\\FSJS\\Project\\sahabat-kendaraan\\be-sahabat-kendaraan\\middlewares\\errHandler.js","statementMap":{"0":{"start":{"line":1,"column":19},"end":{"line":26,"column":1}},"1":{"start":{"line":2,"column":2},"end":{"line":25,"column":3}},"2":{"start":{"line":4,"column":6},"end":{"line":4,"column":53}},"3":{"start":{"line":5,"column":6},"end":{"line":5,"column":12}},"4":{"start":{"line":9,"column":6},"end":{"line":9,"column":63}},"5":{"start":{"line":10,"column":6},"end":{"line":10,"column":12}},"6":{"start":{"line":13,"column":6},"end":{"line":13,"column":53}},"7":{"start":{"line":14,"column":6},"end":{"line":14,"column":12}},"8":{"start":{"line":17,"column":6},"end":{"line":17,"column":53}},"9":{"start":{"line":18,"column":6},"end":{"line":18,"column":12}},"10":{"start":{"line":21,"column":6},"end":{"line":21,"column":65}},"11":{"start":{"line":22,"column":6},"end":{"line":22,"column":23}},"12":{"start":{"line":23,"column":6},"end":{"line":23,"column":53}},"13":{"start":{"line":24,"column":6},"end":{"line":24,"column":12}},"14":{"start":{"line":28,"column":0},"end":{"line":28,"column":28}}},"fnMap":{"0":{"name":"(anonymous_0)","decl":{"start":{"line":1,"column":19},"end":{"line":1,"column":20}},"loc":{"start":{"line":1,"column":44},"end":{"line":26,"column":1}},"line":1}},"branchMap":{"0":{"loc":{"start":{"line":2,"column":2},"end":{"line":25,"column":3}},"type":"switch","locations":[{"start":{"line":3,"column":4},"end":{"line":5,"column":12}},{"start":{"line":7,"column":4},"end":{"line":7,"column":36}},{"start":{"line":8,"column":4},"end":{"line":10,"column":12}},{"start":{"line":12,"column":4},"end":{"line":14,"column":12}},{"start":{"line":16,"column":4},"end":{"line":18,"column":12}},{"start":{"line":20,"column":4},"end":{"line":24,"column":12}}],"line":2}},"s":{"0":1,"1":2,"2":1,"3":1,"4":1,"5":1,"6":0,"7":0,"8":0,"9":0,"10":0,"11":0,"12":0,"13":0,"14":1},"f":{"0":2},"b":{"0":[1,1,1,0,0,0]},"_coverageSchema":"1a1c01bbd47fc00a2c39e90264f33305004495a9","hash":"400b2f091eb5ea3d6c13a49a73603a2e54614233"}
,"D:\\Course\\FSJS\\Project\\sahabat-kendaraan\\be-sahabat-kendaraan\\models\\category.js": {"path":"D:\\Course\\FSJS\\Project\\sahabat-kendaraan\\be-sahabat-kendaraan\\models\\category.js","statementMap":{"0":{"start":{"line":2,"column":18},"end":{"line":2,"column":38}},"1":{"start":{"line":3,"column":0},"end":{"line":37,"column":2}},"2":{"start":{"line":14,"column":2},"end":{"line":35,"column":4}},"3":{"start":{"line":36,"column":2},"end":{"line":36,"column":18}}},"fnMap":{"0":{"name":"(anonymous_0)","decl":{"start":{"line":3,"column":17},"end":{"line":3,"column":18}},"loc":{"start":{"line":3,"column":43},"end":{"line":37,"column":1}},"line":3},"1":{"name":"(anonymous_1)","decl":{"start":{"line":10,"column":4},"end":{"line":10,"column":5}},"loc":{"start":{"line":10,"column":29},"end":{"line":12,"column":5}},"line":10}},"branchMap":{},"s":{"0":1,"1":1,"2":1,"3":1},"f":{"0":1,"1":1},"b":{},"_coverageSchema":"1a1c01bbd47fc00a2c39e90264f33305004495a9","hash":"3f9dd1551a880185d162084a6d7b895c95d25783"}
,"D:\\Course\\FSJS\\Project\\sahabat-kendaraan\\be-sahabat-kendaraan\\models\\documentation.js": {"path":"D:\\Course\\FSJS\\Project\\sahabat-kendaraan\\be-sahabat-kendaraan\\models\\documentation.js","statementMap":{"0":{"start":{"line":4,"column":4},"end":{"line":4,"column":24}},"1":{"start":{"line":5,"column":0},"end":{"line":24,"column":2}},"2":{"start":{"line":16,"column":2},"end":{"line":22,"column":5}},"3":{"start":{"line":23,"column":2},"end":{"line":23,"column":23}}},"fnMap":{"0":{"name":"(anonymous_0)","decl":{"start":{"line":5,"column":17},"end":{"line":5,"column":18}},"loc":{"start":{"line":5,"column":43},"end":{"line":24,"column":1}},"line":5},"1":{"name":"(anonymous_1)","decl":{"start":{"line":12,"column":4},"end":{"line":12,"column":5}},"loc":{"start":{"line":12,"column":29},"end":{"line":14,"column":5}},"line":12}},"branchMap":{},"s":{"0":1,"1":1,"2":1,"3":1},"f":{"0":1,"1":1},"b":{},"_coverageSchema":"1a1c01bbd47fc00a2c39e90264f33305004495a9","hash":"9925f6c9904b24783f2aac2cd6b7b010a94ce95b"}
,"D:\\Course\\FSJS\\Project\\sahabat-kendaraan\\be-sahabat-kendaraan\\models\\index.js": {"path":"D:\\Course\\FSJS\\Project\\sahabat-kendaraan\\be-sahabat-kendaraan\\models\\index.js","statementMap":{"0":{"start":{"line":3,"column":11},"end":{"line":3,"column":24}},"1":{"start":{"line":4,"column":13},"end":{"line":4,"column":28}},"2":{"start":{"line":5,"column":18},"end":{"line":5,"column":38}},"3":{"start":{"line":6,"column":16},"end":{"line":6,"column":34}},"4":{"start":{"line":7,"column":17},"end":{"line":7,"column":42}},"5":{"start":{"line":8,"column":12},"end":{"line":8,"column":49}},"6":{"start":{"line":9,"column":15},"end":{"line":9,"column":65}},"7":{"start":{"line":10,"column":11},"end":{"line":10,"column":13}},"8":{"start":{"line":13,"column":0},"end":{"line":22,"column":1}},"9":{"start":{"line":14,"column":2},"end":{"line":14,"column":74}},"10":{"start":{"line":16,"column":2},"end":{"line":21,"column":4}},"11":{"start":{"line":24,"column":0},"end":{"line":39,"column":5}},"12":{"start":{"line":26,"column":4},"end":{"line":31,"column":6}},"13":{"start":{"line":34,"column":18},"end":{"line":37,"column":5}},"14":{"start":{"line":38,"column":4},"end":{"line":38,"column":27}},"15":{"start":{"line":41,"column":0},"end":{"line":45,"column":3}},"16":{"start":{"line":42,"column":2},"end":{"line":44,"column":3}},"17":{"start":{"line":43,"column":4},"end":{"line":43,"column":32}},"18":{"start":{"line":47,"column":0},"end":{"line":47,"column":25}},"19":{"start":{"line":48,"column":0},"end":{"line":48,"column":25}},"20":{"start":{"line":50,"column":0},"end":{"line":50,"column":20}}},"fnMap":{"0":{"name":"(anonymous_0)","decl":{"start":{"line":25,"column":10},"end":{"line":25,"column":11}},"loc":{"start":{"line":25,"column":20},"end":{"line":32,"column":3}},"line":25},"1":{"name":"(anonymous_1)","decl":{"start":{"line":33,"column":11},"end":{"line":33,"column":12}},"loc":{"start":{"line":33,"column":21},"end":{"line":39,"column":3}},"line":33},"2":{"name":"(anonymous_2)","decl":{"start":{"line":41,"column":24},"end":{"line":41,"column":25}},"loc":{"start":{"line":41,"column":39},"end":{"line":45,"column":1}},"line":41}},"branchMap":{"0":{"loc":{"start":{"line":8,"column":12},"end":{"line":8,"column":49}},"type":"binary-expr","locations":[{"start":{"line":8,"column":12},"end":{"line":8,"column":32}},{"start":{"line":8,"column":36},"end":{"line":8,"column":49}}],"line":8},"1":{"loc":{"start":{"line":13,"column":0},"end":{"line":22,"column":1}},"type":"if","locations":[{"start":{"line":13,"column":0},"end":{"line":22,"column":1}},{"start":{"line":15,"column":7},"end":{"line":22,"column":1}}],"line":13},"2":{"loc":{"start":{"line":27,"column":6},"end":{"line":30,"column":37}},"type":"binary-expr","locations":[{"start":{"line":27,"column":6},"end":{"line":27,"column":29}},{"start":{"line":28,"column":6},"end":{"line":28,"column":23}},{"start":{"line":29,"column":6},"end":{"line":29,"column":30}},{"start":{"line":30,"column":6},"end":{"line":30,"column":37}}],"line":27},"3":{"loc":{"start":{"line":42,"column":2},"end":{"line":44,"column":3}},"type":"if","locations":[{"start":{"line":42,"column":2},"end":{"line":44,"column":3}},{"start":{},"end":{}}],"line":42}},"s":{"0":1,"1":1,"2":1,"3":1,"4":1,"5":1,"6":1,"7":1,"8":1,"9":0,"10":1,"11":1,"12":8,"13":7,"14":7,"15":1,"16":7,"17":7,"18":1,"19":1,"20":1},"f":{"0":8,"1":7,"2":7},"b":{"0":[1,0],"1":[0,1],"2":[8,8,7,7],"3":[7,0]},"_coverageSchema":"1a1c01bbd47fc00a2c39e90264f33305004495a9","hash":"f4b4669089cc3b97d25bd729d6a86f72bb40cdf1"}
,"D:\\Course\\FSJS\\Project\\sahabat-kendaraan\\be-sahabat-kendaraan\\models\\serviceitem.js": {"path":"D:\\Course\\FSJS\\Project\\sahabat-kendaraan\\be-sahabat-kendaraan\\models\\serviceitem.js","statementMap":{"0":{"start":{"line":4,"column":4},"end":{"line":4,"column":24}},"1":{"start":{"line":5,"column":0},"end":{"line":25,"column":2}},"2":{"start":{"line":16,"column":2},"end":{"line":23,"column":5}},"3":{"start":{"line":24,"column":2},"end":{"line":24,"column":21}}},"fnMap":{"0":{"name":"(anonymous_0)","decl":{"start":{"line":5,"column":17},"end":{"line":5,"column":18}},"loc":{"start":{"line":5,"column":43},"end":{"line":25,"column":1}},"line":5},"1":{"name":"(anonymous_1)","decl":{"start":{"line":12,"column":4},"end":{"line":12,"column":5}},"loc":{"start":{"line":12,"column":29},"end":{"line":14,"column":5}},"line":12}},"branchMap":{},"s":{"0":1,"1":1,"2":1,"3":1},"f":{"0":1,"1":1},"b":{},"_coverageSchema":"1a1c01bbd47fc00a2c39e90264f33305004495a9","hash":"dc9ac986e73f9d58cc0d7257484141552edf28e5"}
,"D:\\Course\\FSJS\\Project\\sahabat-kendaraan\\be-sahabat-kendaraan\\models\\servicelocation.js": {"path":"D:\\Course\\FSJS\\Project\\sahabat-kendaraan\\be-sahabat-kendaraan\\models\\servicelocation.js","statementMap":{"0":{"start":{"line":2,"column":18},"end":{"line":2,"column":38}},"1":{"start":{"line":3,"column":0},"end":{"line":66,"column":2}},"2":{"start":{"line":14,"column":2},"end":{"line":64,"column":4}},"3":{"start":{"line":65,"column":2},"end":{"line":65,"column":25}}},"fnMap":{"0":{"name":"(anonymous_0)","decl":{"start":{"line":3,"column":17},"end":{"line":3,"column":18}},"loc":{"start":{"line":3,"column":43},"end":{"line":66,"column":1}},"line":3},"1":{"name":"(anonymous_1)","decl":{"start":{"line":10,"column":4},"end":{"line":10,"column":5}},"loc":{"start":{"line":10,"column":29},"end":{"line":12,"column":5}},"line":10}},"branchMap":{},"s":{"0":1,"1":1,"2":1,"3":1},"f":{"0":1,"1":1},"b":{},"_coverageSchema":"1a1c01bbd47fc00a2c39e90264f33305004495a9","hash":"f2fae9f6f3fd2c6161ecf8fead710aa9487451c9"}
,"D:\\Course\\FSJS\\Project\\sahabat-kendaraan\\be-sahabat-kendaraan\\models\\servicerecord.js": {"path":"D:\\Course\\FSJS\\Project\\sahabat-kendaraan\\be-sahabat-kendaraan\\models\\servicerecord.js","statementMap":{"0":{"start":{"line":4,"column":4},"end":{"line":4,"column":24}},"1":{"start":{"line":5,"column":0},"end":{"line":27,"column":2}},"2":{"start":{"line":16,"column":2},"end":{"line":25,"column":5}},"3":{"start":{"line":26,"column":2},"end":{"line":26,"column":23}}},"fnMap":{"0":{"name":"(anonymous_0)","decl":{"start":{"line":5,"column":17},"end":{"line":5,"column":18}},"loc":{"start":{"line":5,"column":43},"end":{"line":27,"column":1}},"line":5},"1":{"name":"(anonymous_1)","decl":{"start":{"line":12,"column":4},"end":{"line":12,"column":5}},"loc":{"start":{"line":12,"column":29},"end":{"line":14,"column":5}},"line":12}},"branchMap":{},"s":{"0":1,"1":1,"2":1,"3":1},"f":{"0":1,"1":1},"b":{},"_coverageSchema":"1a1c01bbd47fc00a2c39e90264f33305004495a9","hash":"bc5e469b6c6b48c549407aeedc3ce71c58367d18"}
,"D:\\Course\\FSJS\\Project\\sahabat-kendaraan\\be-sahabat-kendaraan\\models\\user.js": {"path":"D:\\Course\\FSJS\\Project\\sahabat-kendaraan\\be-sahabat-kendaraan\\models\\user.js","statementMap":{"0":{"start":{"line":2,"column":18},"end":{"line":2,"column":38}},"1":{"start":{"line":3,"column":24},"end":{"line":3,"column":52}},"2":{"start":{"line":4,"column":0},"end":{"line":70,"column":2}},"3":{"start":{"line":15,"column":2},"end":{"line":68,"column":4}},"4":{"start":{"line":64,"column":10},"end":{"line":64,"column":53}},"5":{"start":{"line":69,"column":2},"end":{"line":69,"column":14}}},"fnMap":{"0":{"name":"(anonymous_0)","decl":{"start":{"line":4,"column":17},"end":{"line":4,"column":18}},"loc":{"start":{"line":4,"column":43},"end":{"line":70,"column":1}},"line":4},"1":{"name":"(anonymous_1)","decl":{"start":{"line":11,"column":4},"end":{"line":11,"column":5}},"loc":{"start":{"line":11,"column":29},"end":{"line":13,"column":5}},"line":11},"2":{"name":"(anonymous_2)","decl":{"start":{"line":63,"column":8},"end":{"line":63,"column":9}},"loc":{"start":{"line":63,"column":27},"end":{"line":65,"column":9}},"line":63}},"branchMap":{},"s":{"0":1,"1":1,"2":1,"3":1,"4":2,"5":1},"f":{"0":1,"1":1,"2":2},"b":{},"_coverageSchema":"1a1c01bbd47fc00a2c39e90264f33305004495a9","hash":"a03ed45d8a725eab410990d27f8048281b43436b"}
,"D:\\Course\\FSJS\\Project\\sahabat-kendaraan\\be-sahabat-kendaraan\\models\\vehicle.js": {"path":"D:\\Course\\FSJS\\Project\\sahabat-kendaraan\\be-sahabat-kendaraan\\models\\vehicle.js","statementMap":{"0":{"start":{"line":4,"column":4},"end":{"line":4,"column":24}},"1":{"start":{"line":5,"column":0},"end":{"line":28,"column":2}},"2":{"start":{"line":16,"column":2},"end":{"line":26,"column":5}},"3":{"start":{"line":27,"column":2},"end":{"line":27,"column":17}}},"fnMap":{"0":{"name":"(anonymous_0)","decl":{"start":{"line":5,"column":17},"end":{"line":5,"column":18}},"loc":{"start":{"line":5,"column":43},"end":{"line":28,"column":1}},"line":5},"1":{"name":"(anonymous_1)","decl":{"start":{"line":12,"column":4},"end":{"line":12,"column":5}},"loc":{"start":{"line":12,"column":29},"end":{"line":14,"column":5}},"line":12}},"branchMap":{},"s":{"0":1,"1":1,"2":1,"3":1},"f":{"0":1,"1":1},"b":{},"_coverageSchema":"1a1c01bbd47fc00a2c39e90264f33305004495a9","hash":"385e962352e3947b85446aa4a76773e133564c5d"}
,"D:\\Course\\FSJS\\Project\\sahabat-kendaraan\\be-sahabat-kendaraan\\routes\\categoryRoute.js": {"path":"D:\\Course\\FSJS\\Project\\sahabat-kendaraan\\be-sahabat-kendaraan\\routes\\categoryRoute.js","statementMap":{"0":{"start":{"line":1,"column":16},"end":{"line":1,"column":34}},"1":{"start":{"line":2,"column":15},"end":{"line":2,"column":31}},"2":{"start":{"line":4,"column":27},"end":{"line":4,"column":80}},"3":{"start":{"line":6,"column":0},"end":{"line":6,"column":40}},"4":{"start":{"line":7,"column":0},"end":{"line":7,"column":41}},"5":{"start":{"line":8,"column":0},"end":{"line":8,"column":46}},"6":{"start":{"line":10,"column":0},"end":{"line":10,"column":24}}},"fnMap":{},"branchMap":{},"s":{"0":1,"1":1,"2":1,"3":1,"4":1,"5":1,"6":1},"f":{},"b":{},"_coverageSchema":"1a1c01bbd47fc00a2c39e90264f33305004495a9","hash":"388952392a367d55b3b3cd1184f2968556307a08"}
,"D:\\Course\\FSJS\\Project\\sahabat-kendaraan\\be-sahabat-kendaraan\\routes\\index.js": {"path":"D:\\Course\\FSJS\\Project\\sahabat-kendaraan\\be-sahabat-kendaraan\\routes\\index.js","statementMap":{"0":{"start":{"line":1,"column":16},"end":{"line":1,"column":34}},"1":{"start":{"line":2,"column":15},"end":{"line":2,"column":31}},"2":{"start":{"line":3,"column":11},"end":{"line":3,"column":24}},"3":{"start":{"line":5,"column":0},"end":{"line":11,"column":3}},"4":{"start":{"line":6,"column":2},"end":{"line":10,"column":5}},"5":{"start":{"line":13,"column":0},"end":{"line":13,"column":44}},"6":{"start":{"line":15,"column":0},"end":{"line":15,"column":43}},"7":{"start":{"line":16,"column":0},"end":{"line":16,"column":52}},"8":{"start":{"line":17,"column":0},"end":{"line":17,"column":67}},"9":{"start":{"line":19,"column":0},"end":{"line":19,"column":24}}},"fnMap":{"0":{"name":"(anonymous_0)","decl":{"start":{"line":5,"column":16},"end":{"line":5,"column":17}},"loc":{"start":{"line":5,"column":30},"end":{"line":11,"column":1}},"line":5}},"branchMap":{},"s":{"0":1,"1":1,"2":1,"3":1,"4":0,"5":1,"6":1,"7":1,"8":1,"9":1},"f":{"0":0},"b":{},"_coverageSchema":"1a1c01bbd47fc00a2c39e90264f33305004495a9","hash":"168e661eab8396e833aa416533649f1fde725e2e"}
,"D:\\Course\\FSJS\\Project\\sahabat-kendaraan\\be-sahabat-kendaraan\\routes\\serviceLocationRoute.js": {"path":"D:\\Course\\FSJS\\Project\\sahabat-kendaraan\\be-sahabat-kendaraan\\routes\\serviceLocationRoute.js","statementMap":{"0":{"start":{"line":1,"column":16},"end":{"line":1,"column":34}},"1":{"start":{"line":2,"column":15},"end":{"line":2,"column":31}},"2":{"start":{"line":4,"column":34},"end":{"line":4,"column":102}},"3":{"start":{"line":6,"column":0},"end":{"line":6,"column":47}},"4":{"start":{"line":7,"column":0},"end":{"line":7,"column":48}},"5":{"start":{"line":8,"column":0},"end":{"line":8,"column":53}},"6":{"start":{"line":10,"column":0},"end":{"line":10,"column":24}}},"fnMap":{},"branchMap":{},"s":{"0":1,"1":1,"2":1,"3":1,"4":1,"5":1,"6":1},"f":{},"b":{},"_coverageSchema":"1a1c01bbd47fc00a2c39e90264f33305004495a9","hash":"50b1631f111029200d3dbdfb1cbbf29de9aa753f"}
,"D:\\Course\\FSJS\\Project\\sahabat-kendaraan\\be-sahabat-kendaraan\\routes\\userRoute.js": {"path":"D:\\Course\\FSJS\\Project\\sahabat-kendaraan\\be-sahabat-kendaraan\\routes\\userRoute.js","statementMap":{"0":{"start":{"line":1,"column":16},"end":{"line":1,"column":34}},"1":{"start":{"line":2,"column":15},"end":{"line":2,"column":31}},"2":{"start":{"line":5,"column":23},"end":{"line":5,"column":63}},"3":{"start":{"line":7,"column":0},"end":{"line":7,"column":50}},"4":{"start":{"line":8,"column":0},"end":{"line":8,"column":44}},"5":{"start":{"line":10,"column":0},"end":{"line":10,"column":24}}},"fnMap":{},"branchMap":{},"s":{"0":1,"1":1,"2":1,"3":1,"4":1,"5":1},"f":{},"b":{},"_coverageSchema":"1a1c01bbd47fc00a2c39e90264f33305004495a9","hash":"27f1fba6239629f1ece57e80e82031154091c1de"}
}
