TN:
SF:app.js
FNF:0
FNH:0
DA:1,5
DA:2,5
DA:4,5
DA:5,5
DA:6,5
DA:8,5
DA:9,5
DA:10,5
DA:13,5
DA:16,5
DA:18,5
LF:11
LH:11
BRDA:1,0,0,5
BRDA:1,0,1,0
BRF:2
BRH:1
end_of_record
TN:
SF:controllers\UserController.js
FN:6,(anonymous_0)
FN:26,(anonymous_1)
FNF:2
FNH:2
FNDA:5,(anonymous_0)
FNDA:4,(anonymous_1)
DA:1,5
DA:2,5
DA:3,5
DA:7,5
DA:8,5
DA:10,5
DA:17,1
DA:22,4
DA:27,4
DA:28,4
DA:30,4
DA:31,1
DA:34,3
DA:40,3
DA:41,1
DA:44,2
DA:45,2
DA:46,1
DA:48,1
DA:49,1
DA:51,1
DA:59,3
DA:64,5
LF:23
LH:23
BRDA:30,0,0,1
BRDA:30,0,1,3
BRDA:30,1,0,4
BRDA:30,1,1,3
BRDA:40,2,0,1
BRDA:40,2,1,2
BRDA:45,3,0,1
BRDA:45,3,1,1
BRF:8
BRH:8
end_of_record
TN:
SF:controllers\category\CategoryController.js
FN:4,(anonymous_0)
FN:20,(anonymous_1)
FN:26,(anonymous_2)
FNF:3
FNH:3
FNDA:5,(anonymous_0)
FNDA:1,(anonymous_1)
FNDA:4,(anonymous_2)
DA:1,5
DA:5,5
DA:6,5
DA:7,5
DA:8,5
DA:10,5
DA:12,4
DA:16,1
DA:21,1
DA:23,1
DA:27,4
DA:28,4
DA:29,4
DA:30,4
DA:32,4
DA:33,1
DA:36,3
DA:37,1
DA:40,2
DA:42,1
DA:44,2
DA:49,5
LF:22
LH:22
BRDA:32,0,0,1
BRDA:32,0,1,3
BRDA:36,1,0,1
BRDA:36,1,1,2
BRDA:36,2,0,3
BRDA:36,2,1,1
BRF:6
BRH:6
end_of_record
TN:
SF:controllers\service-location\ServiceLocationController.js
FN:4,(anonymous_0)
FN:30,(anonymous_1)
FN:39,(anonymous_2)
FNF:3
FNH:3
FNDA:2,(anonymous_0)
FNDA:1,(anonymous_1)
FNDA:3,(anonymous_2)
DA:1,5
DA:5,2
DA:6,2
DA:7,2
DA:8,2
DA:10,2
DA:21,1
DA:26,1
DA:31,1
DA:33,1
DA:40,3
DA:41,3
DA:42,3
DA:43,3
DA:45,3
DA:46,1
DA:49,2
DA:50,1
DA:53,1
DA:62,1
DA:67,1
DA:72,5
LF:22
LH:22
BRDA:45,0,0,1
BRDA:45,0,1,2
BRDA:49,1,0,1
BRDA:49,1,1,1
BRDA:49,2,0,2
BRDA:49,2,1,1
BRF:6
BRH:6
end_of_record
TN:
SF:controllers\service-record\ServiceRecordController.js
FN:4,(anonymous_0)
FN:33,(anonymous_1)
FN:61,(anonymous_2)
FN:93,(anonymous_3)
FN:137,(anonymous_4)
FNF:5
FNH:5
FNDA:2,(anonymous_0)
FNDA:2,(anonymous_1)
FNDA:3,(anonymous_2)
FNDA:3,(anonymous_3)
FNDA:3,(anonymous_4)
DA:1,5
DA:5,2
DA:13,2
DA:15,2
DA:24,1
DA:29,1
DA:34,2
DA:35,2
DA:36,2
DA:38,2
DA:42,2
DA:43,1
DA:49,1
DA:53,1
DA:57,1
DA:62,3
DA:63,3
DA:65,3
DA:69,3
DA:70,1
DA:76,2
DA:80,2
DA:81,1
DA:87,1
DA:89,2
DA:94,3
DA:95,3
DA:97,3
DA:99,3
DA:106,3
DA:107,1
DA:113,2
DA:114,1
DA:120,1
DA:121,1
DA:122,1
DA:123,1
DA:124,1
DA:126,1
DA:128,1
DA:133,2
DA:138,3
DA:139,3
DA:141,3
DA:146,3
DA:147,1
DA:153,2
DA:154,1
DA:160,1
DA:161,1
DA:163,1
DA:168,2
DA:173,5
LF:53
LH:53
BRDA:42,0,0,1
BRDA:42,0,1,1
BRDA:42,1,0,2
BRDA:42,1,1,1
BRDA:69,2,0,1
BRDA:69,2,1,2
BRDA:80,3,0,1
BRDA:80,3,1,1
BRDA:106,4,0,1
BRDA:106,4,1,2
BRDA:113,5,0,1
BRDA:113,5,1,1
BRDA:146,6,0,1
BRDA:146,6,1,2
BRDA:153,7,0,1
BRDA:153,7,1,1
BRF:16
BRH:16
end_of_record
TN:
SF:controllers\vehicle\VehicleController.js
FN:4,(anonymous_0)
FN:27,(anonymous_1)
FN:39,(anonymous_2)
FN:61,(anonymous_3)
FN:92,(anonymous_4)
FNF:5
FNH:5
FNDA:2,(anonymous_0)
FNDA:1,(anonymous_1)
FNDA:2,(anonymous_2)
FNDA:2,(anonymous_3)
FNDA:2,(anonymous_4)
DA:1,5
DA:5,2
DA:6,2
DA:7,2
DA:9,2
DA:18,1
DA:23,1
DA:28,1
DA:29,1
DA:33,1
DA:40,2
DA:41,2
DA:42,2
DA:44,2
DA:48,2
DA:49,1
DA:52,1
DA:57,1
DA:62,2
DA:63,2
DA:64,2
DA:65,2
DA:67,2
DA:71,2
DA:72,1
DA:75,1
DA:83,1
DA:88,1
DA:93,2
DA:94,2
DA:95,2
DA:97,2
DA:101,2
DA:102,1
DA:105,1
DA:107,1
DA:112,1
DA:117,5
LF:38
LH:38
BRDA:48,0,0,1
BRDA:48,0,1,1
BRDA:71,1,0,1
BRDA:71,1,1,1
BRDA:101,2,0,1
BRDA:101,2,1,1
BRF:6
BRH:6
end_of_record
TN:
SF:helpers\bcrypt.js
FN:4,(anonymous_0)
FN:8,(anonymous_1)
FNF:2
FNH:2
FNDA:9,(anonymous_0)
FNDA:2,(anonymous_1)
DA:1,5
DA:2,5
DA:4,5
DA:5,9
DA:8,5
DA:9,2
DA:12,5
LF:7
LH:7
BRF:0
BRH:0
end_of_record
TN:
SF:helpers\jwt.js
FN:4,(anonymous_0)
FN:8,(anonymous_1)
FNF:2
FNH:2
FNDA:7,(anonymous_0)
FNDA:38,(anonymous_1)
DA:1,5
DA:2,5
DA:4,5
DA:5,7
DA:8,5
DA:9,38
DA:12,5
LF:7
LH:7
BRF:0
BRH:0
end_of_record
TN:
SF:middlewares\auth.js
FN:4,(anonymous_0)
FNF:1
FNH:1
FNDA:38,(anonymous_0)
DA:1,5
DA:2,5
DA:4,5
DA:5,38
DA:6,38
DA:8,38
DA:9,0
DA:12,38
DA:14,38
DA:15,0
DA:18,38
DA:19,0
DA:22,38
DA:24,38
DA:26,38
DA:28,38
DA:30,0
DA:34,5
LF:18
LH:14
BRDA:8,0,0,0
BRDA:8,0,1,38
BRDA:14,1,0,0
BRDA:14,1,1,38
BRDA:18,2,0,0
BRDA:18,2,1,38
BRF:6
BRH:3
end_of_record
TN:
SF:middlewares\errHandler.js
FN:1,(anonymous_0)
FNF:1
FNH:1
FNDA:24,(anonymous_0)
DA:1,5
DA:2,24
DA:4,4
DA:5,4
DA:9,9
DA:10,9
DA:13,1
DA:14,1
DA:17,10
DA:18,10
DA:21,0
DA:22,0
DA:23,0
DA:24,0
DA:28,5
LF:15
LH:11
BRDA:2,0,0,4
BRDA:2,0,1,8
BRDA:2,0,2,9
BRDA:2,0,3,1
BRDA:2,0,4,10
BRDA:2,0,5,0
BRF:6
BRH:5
end_of_record
TN:
SF:models\category.js
FN:3,(anonymous_0)
FN:10,(anonymous_1)
FNF:2
FNH:2
FNDA:5,(anonymous_0)
FNDA:5,(anonymous_1)
DA:2,5
DA:3,5
DA:14,5
DA:36,5
LF:4
LH:4
BRF:0
BRH:0
end_of_record
TN:
SF:models\documentation.js
FN:5,(anonymous_0)
FN:12,(anonymous_1)
FNF:2
FNH:2
FNDA:5,(anonymous_0)
FNDA:5,(anonymous_1)
DA:4,5
DA:5,5
DA:16,5
DA:23,5
LF:4
LH:4
BRF:0
BRH:0
end_of_record
TN:
SF:models\index.js
FN:25,(anonymous_0)
FN:33,(anonymous_1)
FN:41,(anonymous_2)
FNF:3
FNH:3
FNDA:40,(anonymous_0)
FNDA:35,(anonymous_1)
FNDA:35,(anonymous_2)
DA:3,5
DA:4,5
DA:5,5
DA:6,5
DA:7,5
DA:8,5
DA:9,5
DA:10,5
DA:13,5
DA:14,0
DA:16,5
DA:24,5
DA:26,40
DA:34,35
DA:38,35
DA:41,5
DA:42,35
DA:43,35
DA:47,5
DA:48,5
DA:50,5
LF:21
LH:20
BRDA:8,0,0,5
BRDA:8,0,1,0
BRDA:13,1,0,0
BRDA:13,1,1,5
BRDA:27,2,0,40
BRDA:27,2,1,40
BRDA:27,2,2,35
BRDA:27,2,3,35
BRDA:42,3,0,35
BRDA:42,3,1,0
BRF:10
BRH:7
end_of_record
TN:
SF:models\serviceitem.js
FN:5,(anonymous_0)
FN:12,(anonymous_1)
FNF:2
FNH:2
FNDA:5,(anonymous_0)
FNDA:5,(anonymous_1)
DA:4,5
DA:5,5
DA:16,5
DA:24,5
LF:4
LH:4
BRF:0
BRH:0
end_of_record
TN:
SF:models\servicelocation.js
FN:3,(anonymous_0)
FN:10,(anonymous_1)
FNF:2
FNH:2
FNDA:5,(anonymous_0)
FNDA:5,(anonymous_1)
DA:2,5
DA:3,5
DA:14,5
DA:65,5
LF:4
LH:4
BRF:0
BRH:0
end_of_record
TN:
SF:models\servicerecord.js
FN:3,(anonymous_0)
FN:10,(anonymous_1)
FNF:2
FNH:2
FNDA:5,(anonymous_0)
FNDA:5,(anonymous_1)
DA:2,5
DA:3,5
DA:12,5
DA:15,5
DA:85,5
LF:5
LH:5
BRF:0
BRH:0
end_of_record
TN:
SF:models\user.js
FN:4,(anonymous_0)
FN:11,(anonymous_1)
FN:63,(anonymous_2)
FNF:3
FNH:3
FNDA:5,(anonymous_0)
FNDA:5,(anonymous_1)
FNDA:9,(anonymous_2)
DA:2,5
DA:3,5
DA:4,5
DA:15,5
DA:64,9
DA:69,5
LF:6
LH:6
BRF:0
BRH:0
end_of_record
TN:
SF:models\vehicle.js
FN:3,(anonymous_0)
FN:10,(anonymous_1)
FNF:2
FNH:2
FNDA:5,(anonymous_0)
FNDA:5,(anonymous_1)
DA:2,5
DA:3,5
DA:12,5
DA:15,5
DA:85,5
LF:5
LH:5
BRF:0
BRH:0
end_of_record
TN:
SF:routes\categoryRoute.js
FNF:0
FNH:0
DA:1,5
DA:2,5
DA:4,5
DA:6,5
DA:7,5
DA:8,5
DA:10,5
LF:7
LH:7
BRF:0
BRH:0
end_of_record
TN:
SF:routes\index.js
FN:5,(anonymous_0)
FNF:1
FNH:0
FNDA:0,(anonymous_0)
DA:1,5
DA:2,5
DA:3,5
DA:5,5
DA:6,0
DA:13,5
DA:15,5
DA:16,5
DA:17,5
DA:18,5
DA:19,5
DA:21,5
LF:12
LH:11
BRF:0
BRH:0
end_of_record
TN:
SF:routes\serviceLocationRoute.js
FNF:0
FNH:0
DA:1,5
DA:2,5
DA:4,5
DA:6,5
DA:7,5
DA:8,5
DA:10,5
LF:7
LH:7
BRF:0
BRH:0
end_of_record
TN:
SF:routes\serviceRecordRoute.js
FNF:0
FNH:0
DA:1,5
DA:2,5
DA:3,5
DA:5,5
DA:6,5
DA:7,5
DA:8,5
DA:9,5
DA:11,5
LF:9
LH:9
BRF:0
BRH:0
end_of_record
TN:
SF:routes\userRoute.js
FNF:0
FNH:0
DA:1,5
DA:2,5
DA:5,5
DA:7,5
DA:8,5
DA:10,5
LF:6
LH:6
BRF:0
BRH:0
end_of_record
TN:
SF:routes\vehicleRoute.js
FNF:0
FNH:0
DA:1,5
DA:2,5
DA:4,5
DA:6,5
DA:7,5
DA:8,5
DA:9,5
DA:10,5
DA:12,5
LF:9
LH:9
BRF:0
BRH:0
end_of_record
